C51 COMPILER V9.57.0.0   AT24C02                                                           12/25/2020 22:21:38 PAGE 1   


C51 COMPILER V9.57.0.0, COMPILATION OF MODULE AT24C02
OBJECT MODULE PLACED IN .\Objects\at24c02.obj
COMPILER INVOKED BY: E:\Keil\C51\BIN\C51.EXE at24c02.c OPTIMIZE(8,SPEED) BROWSE DEBUG OBJECTEXTEND PRINT(.\Listings\at24
                    -c02.lst) OBJECT(.\Objects\at24c02.obj)

line level    source

   1          #include "at24c02.h"
   2          
   3          void Delayus(){     //10us
   4   1              unsigned char i;
   5   1      
   6   1              i = 2;
   7   1              while (--i);
   8   1      }
   9          
  10          //起始信号
  11          void Start(){
  12   1              SDA=1;
  13   1              Delayus();
  14   1              SCL=1;
  15   1              Delayus();
  16   1              SDA=0;
  17   1              Delayus();
  18   1      }
  19          
  20          //停止信号
  21          void Stop(){
  22   1              SDA=0;
  23   1              Delayus();
  24   1              SCL=1;
  25   1              Delayus();
  26   1              SDA=1;
  27   1              Delayus();
  28   1      }
  29          
  30          //应答信号
  31          void Respons(){
  32   1              unsigned char i=0;
  33   1              SCL=1;
  34   1              Delayus();
  35   1              while((SDA==1)&&(i<250))
  36   1                      i++;
  37   1              Delayus();
  38   1              SCL=0;
  39   1              Delayus();
  40   1      }
  41          //初始化
  42          void At24c02Init(){
  43   1              SCL=1;
  44   1              Delayus();
  45   1              SDA=1;
  46   1              Delayus();
  47   1      }
  48          
  49          //写入字节
  50          void WriteByte(unsigned char dat){
  51   1              unsigned char i,temp;
  52   1              temp=dat;
  53   1              for(i=0;i<8;i++){     //循环过程中，要想写入SDA数据，先拉低SCL,写完拉高SCL稳定数据
  54   2                      temp<<=1;
C51 COMPILER V9.57.0.0   AT24C02                                                           12/25/2020 22:21:38 PAGE 2   

  55   2                      SCL=0;
  56   2                      Delayus();
  57   2                      SDA=CY;
  58   2                      Delayus();
  59   2                      SCL=1;
  60   2              }
  61   1              SCL=0;
  62   1              Delayus();
  63   1              SDA=1;
  64   1              Delayus();
  65   1      }
  66          
  67          //读出字节
  68          unsigned char ReadByte(){
  69   1              unsigned char i,temp;
  70   1              SCL=0;
  71   1              Delayus();
  72   1              SDA=1;
  73   1              Delayus();
  74   1              for(i=0;i<8;i++){   //要想读出数据，先拉高SCL稳定数据，再把SDA数据传出，SCL拉低，让SDA数据改变
  75   2                      SCL=1;
  76   2                      Delayus();
  77   2                      temp=(temp<<1|SDA);
  78   2                      Delayus();
  79   2                      SCL=0;
  80   2                      Delayus();
  81   2              }
  82   1              return temp;
  83   1      }
  84          
  85          //字节写入方式
  86          void Write(unsigned char address,unsigned char date){
  87   1              Start();
  88   1              WriteByte(0xa0);
  89   1              Respons();
  90   1              WriteByte(address);
  91   1              Respons();
  92   1              WriteByte(date);
  93   1              Respons();
  94   1              Stop();
  95   1      }
  96          
  97          //字节读出操作
  98          unsigned char Read(unsigned char address){
  99   1              unsigned char date;
 100   1              Start();
 101   1              WriteByte(0xa0);
 102   1              Respons();
 103   1              WriteByte(address);
 104   1              Respons();
 105   1              Start();
 106   1              WriteByte(0xa1);
 107   1              Respons();
 108   1              date=ReadByte();
 109   1              Stop();
 110   1              return date;
 111   1      }
 112          


MODULE INFORMATION:   STATIC OVERLAYABLE
   CODE SIZE        =    214    ----
C51 COMPILER V9.57.0.0   AT24C02                                                           12/25/2020 22:21:38 PAGE 3   

   CONSTANT SIZE    =   ----    ----
   XDATA SIZE       =   ----    ----
   PDATA SIZE       =   ----    ----
   DATA SIZE        =   ----    ----
   IDATA SIZE       =   ----    ----
   BIT SIZE         =   ----    ----
END OF MODULE INFORMATION.


C51 COMPILATION COMPLETE.  0 WARNING(S),  0 ERROR(S)
