C51 COMPILER V9.57.0.0   LCD                                                               12/21/2020 10:42:42 PAGE 1   


C51 COMPILER V9.57.0.0, COMPILATION OF MODULE LCD
OBJECT MODULE PLACED IN .\Objects\lcd.obj
COMPILER INVOKED BY: E:\Keil\C51\BIN\C51.EXE lcd.c OPTIMIZE(8,SPEED) BROWSE DEBUG OBJECTEXTEND PRINT(.\Listings\lcd.lst)
                    - OBJECT(.\Objects\lcd.obj)

line level    source

   1          #include "lcd.h"
   2          #include "intrins.h"
   3          
   4          void LcdDelay(u16 z)     //11.0592MHz  1ms
   5          {
   6   1              while(z--){
   7   2                      unsigned char i, j;
   8   2      
   9   2                      _nop_();
  10   2                      i = 2;
  11   2                      j = 199;
  12   2                      do
  13   2                      {
  14   3                              while (--j);
  15   3                      } while (--i);
  16   2              }
  17   1      } 
  18          //写入指令
  19          void WriteCom(u8 cmd){
  20   1              LCD1602_E=0;            //拉低使能
  21   1              LCD1602_RS=0;           //选择命令:0
  22   1              LCD1602_RW=0;           //选择写入:0
  23   1              LCD1602_INPUT=cmd;      //命令写入P0端口
  24   1              LcdDelay(5);
  25   1              
  26   1              LCD1602_E=1;
  27   1              LcdDelay(5);
  28   1              LCD1602_E=0;
  29   1      }
  30          //写入数据
  31          void WriteData(u8 dat){
  32   1              LCD1602_E=0;            //拉低使能
  33   1              LCD1602_RS=1;           //选择数据:1
  34   1              LCD1602_RW=0;           //选择写入:0
  35   1              LCD1602_INPUT=dat;      //数据写入P0端口
  36   1              LcdDelay(5);
  37   1              
  38   1              LCD1602_E=1;
  39   1              LcdDelay(5);
  40   1              LCD1602_E=0;
  41   1      }
  42          //LCcd初始化
  43          void LcdInit(){
  44   1              WriteCom(0x38);         //功能设定：数据总线、显示行数、点阵5X7
  45   1              WriteCom(0x0c);         //开关检测: 显示功能、光标显示、光标闪烁
  46   1              WriteCom(0x06);         //模式设定：光标左右移、显示屏不懂或者右移
  47   1              WriteCom(0x01);         //清屏指令：防止别的数据影响
  48   1              WriteCom(0x80);         //数据指针起点设置
  49   1      }
  50          


MODULE INFORMATION:   STATIC OVERLAYABLE
   CODE SIZE        =     89    ----
C51 COMPILER V9.57.0.0   LCD                                                               12/21/2020 10:42:42 PAGE 2   

   CONSTANT SIZE    =   ----    ----
   XDATA SIZE       =   ----    ----
   PDATA SIZE       =   ----    ----
   DATA SIZE        =   ----       2
   IDATA SIZE       =   ----    ----
   BIT SIZE         =   ----    ----
END OF MODULE INFORMATION.


C51 COMPILATION COMPLETE.  0 WARNING(S),  0 ERROR(S)
